2025-01-12 17:48:42 [main] INFO  b.c.i.p.Prg03springApplicationTests - Starting Prg03springApplicationTests using Java 21.0.4 with PID 16928 (started by rober in C:\Users\rober\OneDrive\Documentos\Github\prg03jorgerobertoargolo\prg03spring)
2025-01-12 17:48:42 [main] INFO  b.c.i.p.Prg03springApplicationTests - No active profile set, falling back to 1 default profile: "default"
2025-01-12 17:48:42 [main] INFO  o.s.d.r.c.RepositoryConfigurationDelegate - Bootstrapping Spring Data JPA repositories in DEFAULT mode.
2025-01-12 17:48:42 [main] INFO  o.s.d.r.c.RepositoryConfigurationDelegate - Finished Spring Data repository scanning in 55 ms. Found 1 JPA repository interface.
2025-01-12 17:48:43 [main] INFO  o.h.jpa.internal.util.LogHelper - HHH000204: Processing PersistenceUnitInfo [name: default]
2025-01-12 17:48:43 [main] INFO  org.hibernate.Version - HHH000412: Hibernate ORM core version 6.5.0.Final
2025-01-12 17:48:43 [main] INFO  o.h.c.i.RegionFactoryInitiator - HHH000026: Second-level cache disabled
2025-01-12 17:48:43 [main] INFO  o.s.o.j.p.SpringPersistenceUnitInfo - No LoadTimeWeaver setup: ignoring JPA class transformer
2025-01-12 17:48:43 [main] INFO  com.zaxxer.hikari.HikariDataSource - HikariPool-1 - Starting...
2025-01-12 17:48:43 [main] INFO  com.zaxxer.hikari.pool.HikariPool - HikariPool-1 - Added connection com.mysql.cj.jdbc.ConnectionImpl@5f5297e3
2025-01-12 17:48:43 [main] INFO  com.zaxxer.hikari.HikariDataSource - HikariPool-1 - Start completed.
2025-01-12 17:48:43 [main] WARN  org.hibernate.orm.deprecation - HHH90000025: MySQL8Dialect does not need to be specified explicitly using 'hibernate.dialect' (remove the property setting and it will be selected by default)
2025-01-12 17:48:43 [main] WARN  org.hibernate.orm.deprecation - HHH90000026: MySQL8Dialect has been deprecated; use org.hibernate.dialect.MySQLDialect instead
2025-01-12 17:48:44 [main] INFO  o.h.e.t.j.p.i.JtaPlatformInitiator - HHH000489: No JTA platform available (set 'hibernate.transaction.jta.platform' to enable JTA platform integration)
2025-01-12 17:48:44 [main] INFO  o.s.o.j.LocalContainerEntityManagerFactoryBean - Initialized JPA EntityManagerFactory for persistence unit 'default'
2025-01-12 17:48:44 [main] INFO  b.c.i.p.Prg03springApplicationTests - Started Prg03springApplicationTests in 2.71 seconds (process running for 3.657)
2025-01-12 17:48:45 [SpringApplicationShutdownHook] INFO  o.s.o.j.LocalContainerEntityManagerFactoryBean - Closing JPA EntityManagerFactory for persistence unit 'default'
2025-01-12 17:48:45 [SpringApplicationShutdownHook] INFO  com.zaxxer.hikari.HikariDataSource - HikariPool-1 - Shutdown initiated...
2025-01-12 17:48:45 [SpringApplicationShutdownHook] INFO  com.zaxxer.hikari.HikariDataSource - HikariPool-1 - Shutdown completed.
2025-01-12 17:49:03 [main] INFO  br.com.ifba.Prg03springApplication - Starting Prg03springApplication using Java 21.0.4 with PID 7148 (C:\Users\rober\OneDrive\Documentos\Github\prg03jorgerobertoargolo\prg03spring\target\classes started by rober in C:\Users\rober\OneDrive\Documentos\Github\prg03jorgerobertoargolo\prg03spring)
2025-01-12 17:49:03 [main] INFO  br.com.ifba.Prg03springApplication - No active profile set, falling back to 1 default profile: "default"
2025-01-12 17:49:03 [main] INFO  o.s.d.r.c.RepositoryConfigurationDelegate - Bootstrapping Spring Data JPA repositories in DEFAULT mode.
2025-01-12 17:49:04 [main] INFO  o.s.d.r.c.RepositoryConfigurationDelegate - Finished Spring Data repository scanning in 44 ms. Found 1 JPA repository interface.
2025-01-12 17:49:04 [main] INFO  o.h.jpa.internal.util.LogHelper - HHH000204: Processing PersistenceUnitInfo [name: default]
2025-01-12 17:49:04 [main] INFO  org.hibernate.Version - HHH000412: Hibernate ORM core version 6.5.0.Final
2025-01-12 17:49:04 [main] INFO  o.h.c.i.RegionFactoryInitiator - HHH000026: Second-level cache disabled
2025-01-12 17:49:04 [main] INFO  o.s.o.j.p.SpringPersistenceUnitInfo - No LoadTimeWeaver setup: ignoring JPA class transformer
2025-01-12 17:49:04 [main] INFO  com.zaxxer.hikari.HikariDataSource - HikariPool-1 - Starting...
2025-01-12 17:49:04 [main] INFO  com.zaxxer.hikari.pool.HikariPool - HikariPool-1 - Added connection com.mysql.cj.jdbc.ConnectionImpl@4cb957b8
2025-01-12 17:49:04 [main] INFO  com.zaxxer.hikari.HikariDataSource - HikariPool-1 - Start completed.
2025-01-12 17:49:04 [main] WARN  org.hibernate.orm.deprecation - HHH90000025: MySQL8Dialect does not need to be specified explicitly using 'hibernate.dialect' (remove the property setting and it will be selected by default)
2025-01-12 17:49:04 [main] WARN  org.hibernate.orm.deprecation - HHH90000026: MySQL8Dialect has been deprecated; use org.hibernate.dialect.MySQLDialect instead
2025-01-12 17:49:05 [main] INFO  o.h.e.t.j.p.i.JtaPlatformInitiator - HHH000489: No JTA platform available (set 'hibernate.transaction.jta.platform' to enable JTA platform integration)
2025-01-12 17:49:05 [main] INFO  o.s.o.j.LocalContainerEntityManagerFactoryBean - Initialized JPA EntityManagerFactory for persistence unit 'default'
2025-01-12 17:49:05 [main] INFO  br.com.ifba.Prg03springApplication - Started Prg03springApplication in 2.682 seconds (process running for 2.939)
2025-01-12 17:49:06 [main] DEBUG org.hibernate.SQL - select c1_0.id,c1_0.ativo,c1_0.codigo_curso,c1_0.nome from cursos c1_0
2025-01-12 17:49:16 [AWT-EventQueue-0] INFO  b.c.ifba.curso.service.CursoService - Buscando Objeto Curso no Banco!
2025-01-12 17:49:16 [AWT-EventQueue-0] DEBUG org.hibernate.SQL - select c1_0.id,c1_0.ativo,c1_0.codigo_curso,c1_0.nome from cursos c1_0 where c1_0.id=?
2025-01-12 17:49:16 [AWT-EventQueue-0] INFO  b.c.ifba.curso.service.CursoService - Deletando Objeto Curso no Banco!
2025-01-12 17:49:16 [AWT-EventQueue-0] DEBUG org.hibernate.SQL - select c1_0.id,c1_0.ativo,c1_0.codigo_curso,c1_0.nome from cursos c1_0 where c1_0.id=?
2025-01-12 17:49:16 [AWT-EventQueue-0] DEBUG org.hibernate.SQL - delete from cursos where id=?
2025-01-12 17:49:17 [AWT-EventQueue-0] DEBUG org.hibernate.SQL - select c1_0.id,c1_0.ativo,c1_0.codigo_curso,c1_0.nome from cursos c1_0
2025-01-12 17:49:24 [AWT-EventQueue-0] INFO  b.c.ifba.curso.service.CursoService - Buscando Objeto Curso no Banco!
2025-01-12 17:49:24 [AWT-EventQueue-0] DEBUG org.hibernate.SQL - select c1_0.id,c1_0.ativo,c1_0.codigo_curso,c1_0.nome from cursos c1_0 where c1_0.id=?
2025-01-12 17:49:24 [AWT-EventQueue-0] INFO  b.c.ifba.curso.service.CursoService - Deletando Objeto Curso no Banco!
2025-01-12 17:49:24 [AWT-EventQueue-0] DEBUG org.hibernate.SQL - select c1_0.id,c1_0.ativo,c1_0.codigo_curso,c1_0.nome from cursos c1_0 where c1_0.id=?
2025-01-12 17:49:24 [AWT-EventQueue-0] DEBUG org.hibernate.SQL - delete from cursos where id=?
2025-01-12 17:49:25 [AWT-EventQueue-0] DEBUG org.hibernate.SQL - select c1_0.id,c1_0.ativo,c1_0.codigo_curso,c1_0.nome from cursos c1_0
2025-01-12 17:50:15 [SpringApplicationShutdownHook] INFO  o.s.o.j.LocalContainerEntityManagerFactoryBean - Closing JPA EntityManagerFactory for persistence unit 'default'
2025-01-12 17:50:15 [SpringApplicationShutdownHook] INFO  com.zaxxer.hikari.HikariDataSource - HikariPool-1 - Shutdown initiated...
2025-01-12 17:50:16 [SpringApplicationShutdownHook] INFO  com.zaxxer.hikari.HikariDataSource - HikariPool-1 - Shutdown completed.
2025-01-12 17:50:27 [main] INFO  b.c.i.p.Prg03springApplicationTests - Starting Prg03springApplicationTests using Java 21.0.4 with PID 15512 (started by rober in C:\Users\rober\OneDrive\Documentos\Github\prg03jorgerobertoargolo\prg03spring)
2025-01-12 17:50:27 [main] INFO  b.c.i.p.Prg03springApplicationTests - No active profile set, falling back to 1 default profile: "default"
2025-01-12 17:50:27 [main] INFO  o.s.d.r.c.RepositoryConfigurationDelegate - Bootstrapping Spring Data JPA repositories in DEFAULT mode.
2025-01-12 17:50:27 [main] INFO  o.s.d.r.c.RepositoryConfigurationDelegate - Finished Spring Data repository scanning in 47 ms. Found 1 JPA repository interface.
2025-01-12 17:50:27 [main] INFO  o.h.jpa.internal.util.LogHelper - HHH000204: Processing PersistenceUnitInfo [name: default]
2025-01-12 17:50:27 [main] INFO  org.hibernate.Version - HHH000412: Hibernate ORM core version 6.5.0.Final
2025-01-12 17:50:27 [main] INFO  o.h.c.i.RegionFactoryInitiator - HHH000026: Second-level cache disabled
2025-01-12 17:50:28 [main] INFO  o.s.o.j.p.SpringPersistenceUnitInfo - No LoadTimeWeaver setup: ignoring JPA class transformer
2025-01-12 17:50:28 [main] INFO  com.zaxxer.hikari.HikariDataSource - HikariPool-1 - Starting...
2025-01-12 17:50:28 [main] INFO  com.zaxxer.hikari.pool.HikariPool - HikariPool-1 - Added connection com.mysql.cj.jdbc.ConnectionImpl@7cd5fcf4
2025-01-12 17:50:28 [main] INFO  com.zaxxer.hikari.HikariDataSource - HikariPool-1 - Start completed.
2025-01-12 17:50:28 [main] WARN  org.hibernate.orm.deprecation - HHH90000025: MySQL8Dialect does not need to be specified explicitly using 'hibernate.dialect' (remove the property setting and it will be selected by default)
2025-01-12 17:50:28 [main] WARN  org.hibernate.orm.deprecation - HHH90000026: MySQL8Dialect has been deprecated; use org.hibernate.dialect.MySQLDialect instead
2025-01-12 17:50:29 [main] INFO  o.h.e.t.j.p.i.JtaPlatformInitiator - HHH000489: No JTA platform available (set 'hibernate.transaction.jta.platform' to enable JTA platform integration)
2025-01-12 17:50:29 [main] INFO  o.s.o.j.LocalContainerEntityManagerFactoryBean - Initialized JPA EntityManagerFactory for persistence unit 'default'
2025-01-12 17:50:29 [main] INFO  b.c.i.p.Prg03springApplicationTests - Started Prg03springApplicationTests in 2.831 seconds (process running for 3.817)
2025-01-12 17:50:30 [SpringApplicationShutdownHook] INFO  o.s.o.j.LocalContainerEntityManagerFactoryBean - Closing JPA EntityManagerFactory for persistence unit 'default'
2025-01-12 17:50:30 [SpringApplicationShutdownHook] INFO  com.zaxxer.hikari.HikariDataSource - HikariPool-1 - Shutdown initiated...
2025-01-12 17:50:30 [SpringApplicationShutdownHook] INFO  com.zaxxer.hikari.HikariDataSource - HikariPool-1 - Shutdown completed.
